# JRE version: 7.0_06-b24
# Java VM: Java HotSpot(TM) 64-Bit Server VM (23.2-b09 mixed mode linux-amd64 compressed oops)
Heap
 PSYoungGen      total 36096K, used 12182K [0x00000000ebd60000, 0x00000000ee7e0000, 0x0000000100000000)
  eden space 30400K, 22% used [0x00000000ebd60000,0x00000000ec403440,0x00000000edb10000)
  from space 5696K, 94% used [0x00000000ee130000,0x00000000ee672678,0x00000000ee6c0000)
  to   space 6272K, 0% used [0x00000000edb10000,0x00000000edb10000,0x00000000ee130000)
 ParOldGen       total 41280K, used 6561K [0x00000000c3800000, 0x00000000c6050000, 0x00000000ebd60000)
  object space 41280K, 15% used [0x00000000c3800000,0x00000000c3e686d0,0x00000000c6050000)
 PSPermGen       total 21248K, used 15191K [0x00000000be600000, 0x00000000bfac0000, 0x00000000c3800000)
  object space 21248K, 71% used [0x00000000be600000,0x00000000bf4d5d50,0x00000000bfac0000)
GC Heap History (10 events):
Event: 8,261 GC heap before
{Heap before GC invocations=2 (full 0):
 PSYoungGen      total 18048K, used 18037K [0x00000000ebd60000, 0x00000000ed180000, 0x0000000100000000)
  eden space 15488K, 100% used [0x00000000ebd60000,0x00000000ecc80000,0x00000000ecc80000)
  from space 2560K, 99% used [0x00000000ecc80000,0x00000000ecefd4d0,0x00000000ecf00000)
  to   space 2560K, 0% used [0x00000000ecf00000,0x00000000ecf00000,0x00000000ed180000)
 ParOldGen       total 41280K, used 690K [0x00000000c3800000, 0x00000000c6050000, 0x00000000ebd60000)
  object space 41280K, 1% used [0x00000000c3800000,0x00000000c38ac940,0x00000000c6050000)
 PSPermGen       total 21248K, used 7618K [0x00000000be600000, 0x00000000bfac0000, 0x00000000c3800000)
  object space 21248K, 35% used [0x00000000be600000,0x00000000bed70be0,0x00000000bfac0000)
Event: 8,280 GC heap after
Heap after GC invocations=2 (full 0):
 PSYoungGen      total 18048K, used 2512K [0x00000000ebd60000, 0x00000000ed180000, 0x0000000100000000)
  eden space 15488K, 0% used [0x00000000ebd60000,0x00000000ebd60000,0x00000000ecc80000)
  from space 2560K, 98% used [0x00000000ecf00000,0x00000000ed174280,0x00000000ed180000)
  to   space 2560K, 0% used [0x00000000ecc80000,0x00000000ecc80000,0x00000000ecf00000)
 ParOldGen       total 41280K, used 690K [0x00000000c3800000, 0x00000000c6050000, 0x00000000ebd60000)
  object space 41280K, 1% used [0x00000000c3800000,0x00000000c38ac940,0x00000000c6050000)
 PSPermGen       total 21248K, used 7618K [0x00000000be600000, 0x00000000bfac0000, 0x00000000c3800000)
  object space 21248K, 35% used [0x00000000be600000,0x00000000bed70be0,0x00000000bfac0000)
}
Event: 9,883 GC heap before
{Heap before GC invocations=3 (full 0):
 PSYoungGen      total 18048K, used 18000K [0x00000000ebd60000, 0x00000000ed180000, 0x0000000100000000)
  eden space 15488K, 100% used [0x00000000ebd60000,0x00000000ecc80000,0x00000000ecc80000)
  from space 2560K, 98% used [0x00000000ecf00000,0x00000000ed174280,0x00000000ed180000)
  to   space 2560K, 0% used [0x00000000ecc80000,0x00000000ecc80000,0x00000000ecf00000)
 ParOldGen       total 41280K, used 690K [0x00000000c3800000, 0x00000000c6050000, 0x00000000ebd60000)
  object space 41280K, 1% used [0x00000000c3800000,0x00000000c38ac940,0x00000000c6050000)
 PSPermGen       total 21248K, used 9773K [0x00000000be600000, 0x00000000bfac0000, 0x00000000c3800000)
  object space 21248K, 45% used [0x00000000be600000,0x00000000bef8b4b8,0x00000000bfac0000)
Event: 9,906 GC heap after
Heap after GC invocations=3 (full 0):
 PSYoungGen      total 18048K, used 2528K [0x00000000ebd60000, 0x00000000ed180000, 0x0000000100000000)
  eden space 15488K, 0% used [0x00000000ebd60000,0x00000000ebd60000,0x00000000ecc80000)
  from space 2560K, 98% used [0x00000000ecc80000,0x00000000ecef8020,0x00000000ecf00000)
  to   space 2560K, 0% used [0x00000000ecf00000,0x00000000ecf00000,0x00000000ed180000)
 ParOldGen       total 41280K, used 2243K [0x00000000c3800000, 0x00000000c6050000, 0x00000000ebd60000)
  object space 41280K, 5% used [0x00000000c3800000,0x00000000c3a30ea0,0x00000000c6050000)
 PSPermGen       total 21248K, used 9773K [0x00000000be600000, 0x00000000bfac0000, 0x00000000c3800000)
  object space 21248K, 45% used [0x00000000be600000,0x00000000bef8b4b8,0x00000000bfac0000)
}
Event: 12,968 GC heap before
{Heap before GC invocations=4 (full 0):
 PSYoungGen      total 18048K, used 18016K [0x00000000ebd60000, 0x00000000ed180000, 0x0000000100000000)
  eden space 15488K, 100% used [0x00000000ebd60000,0x00000000ecc80000,0x00000000ecc80000)
  from space 2560K, 98% used [0x00000000ecc80000,0x00000000ecef8020,0x00000000ecf00000)
  to   space 2560K, 0% used [0x00000000ecf00000,0x00000000ecf00000,0x00000000ed180000)
 ParOldGen       total 41280K, used 2243K [0x00000000c3800000, 0x00000000c6050000, 0x00000000ebd60000)
  object space 41280K, 5% used [0x00000000c3800000,0x00000000c3a30ea0,0x00000000c6050000)
 PSPermGen       total 21248K, used 12340K [0x00000000be600000, 0x00000000bfac0000, 0x00000000c3800000)
  object space 21248K, 58% used [0x00000000be600000,0x00000000bf20d190,0x00000000bfac0000)
Event: 12,998 GC heap after
Heap after GC invocations=4 (full 0):
 PSYoungGen      total 18048K, used 2544K [0x00000000ebd60000, 0x00000000ed180000, 0x0000000100000000)
  eden space 15488K, 0% used [0x00000000ebd60000,0x00000000ebd60000,0x00000000ecc80000)
  from space 2560K, 99% used [0x00000000ecf00000,0x00000000ed17c010,0x00000000ed180000)
  to   space 2560K, 0% used [0x00000000ecc80000,0x00000000ecc80000,0x00000000ecf00000)
 ParOldGen       total 41280K, used 4530K [0x00000000c3800000, 0x00000000c6050000, 0x00000000ebd60000)
  object space 41280K, 10% used [0x00000000c3800000,0x00000000c3c6cb30,0x00000000c6050000)
 PSPermGen       total 21248K, used 12340K [0x00000000be600000, 0x00000000bfac0000, 0x00000000c3800000)
  object space 21248K, 58% used [0x00000000be600000,0x00000000bf20d190,0x00000000bfac0000)
}
Event: 15,828 GC heap before
{Heap before GC invocations=5 (full 0):
 PSYoungGen      total 18048K, used 18032K [0x00000000ebd60000, 0x00000000ed180000, 0x0000000100000000)
  eden space 15488K, 100% used [0x00000000ebd60000,0x00000000ecc80000,0x00000000ecc80000)
  from space 2560K, 99% used [0x00000000ecf00000,0x00000000ed17c010,0x00000000ed180000)
  to   space 2560K, 0% used [0x00000000ecc80000,0x00000000ecc80000,0x00000000ecf00000)
 ParOldGen       total 41280K, used 4530K [0x00000000c3800000, 0x00000000c6050000, 0x00000000ebd60000)
  object space 41280K, 10% used [0x00000000c3800000,0x00000000c3c6cb30,0x00000000c6050000)
 PSPermGen       total 21248K, used 12392K [0x00000000be600000, 0x00000000bfac0000, 0x00000000c3800000)
  object space 21248K, 58% used [0x00000000be600000,0x00000000bf21a1c0,0x00000000bfac0000)
Event: 15,898 GC heap after
Heap after GC invocations=5 (full 0):
 PSYoungGen      total 18048K, used 2560K [0x00000000ebd60000, 0x00000000ee6c0000, 0x0000000100000000)
  eden space 15488K, 0% used [0x00000000ebd60000,0x00000000ebd60000,0x00000000ecc80000)
  from space 2560K, 100% used [0x00000000ecc80000,0x00000000ecf00000,0x00000000ecf00000)
  to   space 5696K, 0% used [0x00000000ee130000,0x00000000ee130000,0x00000000ee6c0000)
 ParOldGen       total 41280K, used 6561K [0x00000000c3800000, 0x00000000c6050000, 0x00000000ebd60000)
  object space 41280K, 15% used [0x00000000c3800000,0x00000000c3e686d0,0x00000000c6050000)
 PSPermGen       total 21248K, used 12392K [0x00000000be600000, 0x00000000bfac0000, 0x00000000c3800000)
  object space 21248K, 58% used [0x00000000be600000,0x00000000bf21a1c0,0x00000000bfac0000)
}
Event: 18,500 GC heap before
{Heap before GC invocations=6 (full 0):
 PSYoungGen      total 18048K, used 18048K [0x00000000ebd60000, 0x00000000ee6c0000, 0x0000000100000000)
  eden space 15488K, 100% used [0x00000000ebd60000,0x00000000ecc80000,0x00000000ecc80000)
  from space 2560K, 100% used [0x00000000ecc80000,0x00000000ecf00000,0x00000000ecf00000)
  to   space 5696K, 0% used [0x00000000ee130000,0x00000000ee130000,0x00000000ee6c0000)
 ParOldGen       total 41280K, used 6561K [0x00000000c3800000, 0x00000000c6050000, 0x00000000ebd60000)
  object space 41280K, 15% used [0x00000000c3800000,0x00000000c3e686d0,0x00000000c6050000)
 PSPermGen       total 21248K, used 14323K [0x00000000be600000, 0x00000000bfac0000, 0x00000000c3800000)
  object space 21248K, 67% used [0x00000000be600000,0x00000000bf3fce40,0x00000000bfac0000)
Event: 18,589 GC heap after
Heap after GC invocations=6 (full 0):
 PSYoungGen      total 36096K, used 5385K [0x00000000ebd60000, 0x00000000ee7e0000, 0x0000000100000000)
  eden space 30400K, 0% used [0x00000000ebd60000,0x00000000ebd60000,0x00000000edb10000)
  from space 5696K, 94% used [0x00000000ee130000,0x00000000ee672678,0x00000000ee6c0000)
  to   space 6272K, 0% used [0x00000000edb10000,0x00000000edb10000,0x00000000ee130000)
 ParOldGen       total 41280K, used 6561K [0x00000000c3800000, 0x00000000c6050000, 0x00000000ebd60000)
  object space 41280K, 15% used [0x00000000c3800000,0x00000000c3e686d0,0x00000000c6050000)
 PSPermGen       total 21248K, used 14323K [0x00000000be600000, 0x00000000bfac0000, 0x00000000c3800000)
  object space 21248K, 67% used [0x00000000be600000,0x00000000bf3fce40,0x00000000bfac0000)
}

